Time-shared computer model

Number of terminals       10 to  80 by   10

Mean think time       10.000 seconds
Mean service time      0.800 seconds
Quantum                0.100 seconds
Swap time              0.015 seconds
Number of jobs processed        1000
Maximal queue 1 size          100
Maximal queue 2 size          100

+-------+----------------+----------------+----------------+----------------+----------------+----------------+----------------+
| numbe | Average respon | Average respon | Average number | Average number | Average number | Utilization of | Utilization of |
| r of  | se time CPU 1  | se time CPU 2  | in queue global| in queue CPU 1 | in queue CPU 2 | CPU 1          | CPU 2          |
| termi |                |                |                |                |                |                |                |
| nals  |                |                |                |                |                |                |                |
+-------+----------------+----------------+----------------+----------------+----------------+----------------+----------------+
|    10 |          1.292 |          1.515 |          0.000 |          0.157 |          0.281 |          0.381 |          0.444 |
+-------+----------------+----------------+----------------+----------------+----------------+----------------+----------------+
|    20 |          2.249 |          2.737 |          0.000 |          0.992 |          1.578 |          0.666 |          0.762 |
+-------+----------------+----------------+----------------+----------------+----------------+----------------+----------------+
|    30 |          4.569 |          6.760 |          0.000 |          3.303 |          5.719 |          0.838 |          0.937 |
+-------+----------------+----------------+----------------+----------------+----------------+----------------+----------------+
|    40 |          5.217 |         14.133 |          0.000 |          4.687 |         13.751 |          0.876 |          0.989 |
+-------+----------------+----------------+----------------+----------------+----------------+----------------+----------------+
|    50 |         23.632 |          6.524 |          0.000 |         22.589 |          5.593 |          1.000 |          0.962 |
+-------+----------------+----------------+----------------+----------------+----------------+----------------+----------------+
|    60 |         25.195 |         10.550 |          0.000 |         26.666 |         10.253 |          1.000 |          0.992 |
+-------+----------------+----------------+----------------+----------------+----------------+----------------+----------------+
|    70 |         10.939 |         37.271 |          0.000 |         11.187 |         36.031 |          0.974 |          0.997 |
+-------+----------------+----------------+----------------+----------------+----------------+----------------+----------------+
|    80 |         30.090 |         21.553 |          0.000 |         33.923 |         21.475 |          1.000 |          1.000 |
+-------+----------------+----------------+----------------+----------------+----------------+----------------+----------------+
