Time-shared computer model

Number of terminals       10 to  80 by   10

Mean think time       25.000 seconds
Mean service time      0.800 seconds
Quantum                0.100 seconds
Swap time              0.015 seconds
Number of jobs processed        1000
Maximal queue 1 size            1
Maximal queue 2 size            1

+-------+----------------+----------------+----------------+----------------+----------------+----------------+----------------+
| numbe | Average respon | Average respon | Average number | Average number | Average number | Utilization of | Utilization of |
| r of  | se time CPU 1  | se time CPU 2  | in queue global| in queue CPU 1 | in queue CPU 2 | CPU 1          | CPU 2          |
| termi |                |                |                |                |                |                |                |
| nals  |                |                |                |                |                |                |                |
+-------+----------------+----------------+----------------+----------------+----------------+----------------+----------------+
|    10 |          1.062 |          1.038 |          0.000 |          0.030 |          0.020 |          0.182 |          0.180 |
+-------+----------------+----------------+----------------+----------------+----------------+----------------+----------------+
|    20 |          1.199 |          1.183 |          0.015 |          0.108 |          0.100 |          0.356 |          0.326 |
+-------+----------------+----------------+----------------+----------------+----------------+----------------+----------------+
|    30 |          1.422 |          1.455 |          0.069 |          0.232 |          0.253 |          0.526 |          0.532 |
+-------+----------------+----------------+----------------+----------------+----------------+----------------+----------------+
|    40 |          1.951 |          2.024 |          0.694 |          0.453 |          0.491 |          0.683 |          0.748 |
+-------+----------------+----------------+----------------+----------------+----------------+----------------+----------------+
|    50 |          3.394 |          3.232 |          2.605 |          0.781 |          0.732 |          0.900 |          0.887 |
+-------+----------------+----------------+----------------+----------------+----------------+----------------+----------------+
|    60 |          5.755 |          5.732 |          7.640 |          0.888 |          0.903 |          0.953 |          0.962 |
+-------+----------------+----------------+----------------+----------------+----------------+----------------+----------------+
|    70 |          9.468 |          9.509 |         14.995 |          0.966 |          0.960 |          0.986 |          0.982 |
+-------+----------------+----------------+----------------+----------------+----------------+----------------+----------------+
|    80 |         12.085 |         11.722 |         21.346 |          0.995 |          0.994 |          0.998 |          0.996 |
+-------+----------------+----------------+----------------+----------------+----------------+----------------+----------------+
