Time-shared computer model

Number of terminals       10 to  80 by   10

Mean think time       25.000 seconds

Mean service time      0.800 seconds

Quantum                0.100 seconds

Swap time              0.015 seconds

Number of jobs processed        1000


+-------+----------------+----------------+----------------+----------------+----------------+----------------+
| nbTrm | AvrRspTimeCPU1 | AvrRspTimeCPU2 | AvrNbQueueCPU1 | AvrNbQueueCPU2 |   UtilOfCPU1   |   UtilOfCPU2   |
+-------+----------------+----------------+----------------+----------------+----------------+----------------+
|    10 |          1.076 |          1.119 |          0.033 |          0.036 |          0.174 |          0.187 |
+-------+----------------+----------------+----------------+----------------+----------------+----------------+
|    20 |          1.368 |          1.250 |          0.187 |          0.126 |          0.351 |          0.329 |
+-------+----------------+----------------+----------------+----------------+----------------+----------------+
|    30 |          1.687 |          1.854 |          0.447 |          0.469 |          0.495 |          0.549 |
+-------+----------------+----------------+----------------+----------------+----------------+----------------+
|    40 |          2.273 |          2.645 |          0.995 |          1.333 |          0.713 |          0.692 |
+-------+----------------+----------------+----------------+----------------+----------------+----------------+
|    50 |          3.960 |          5.226 |          2.614 |          3.520 |          0.874 |          0.833 |
+-------+----------------+----------------+----------------+----------------+----------------+----------------+
|    60 |          7.557 |          7.100 |          6.066 |          5.934 |          0.923 |          0.895 |
+-------+----------------+----------------+----------------+----------------+----------------+----------------+
|    70 |          6.838 |         13.552 |          5.622 |         12.642 |          0.963 |          0.943 |
+-------+----------------+----------------+----------------+----------------+----------------+----------------+
|    80 |          4.430 |         22.867 |          3.509 |         23.032 |          0.890 |          0.974 |
+-------+----------------+----------------+----------------+----------------+----------------+----------------+
